android/app/build/intermediates/manifest_merge_blame_file/debug/manifest-merger-blame-debug-report.txt
1<?xml version="1.0" encoding="utf-8"?>
2<manifest xmlns:android="http://schemas.android.com/apk/res/android"
3    package="com.minishop"
4    android:versionCode="1"
5    android:versionName="1.0" >
6
7    <uses-sdk
8        android:minSdkVersion="19"
9        android:targetSdkVersion="28" />
10
11    <uses-permission android:name="android.permission.SYSTEM_ALERT_WINDOW" />
11-->src/debug/AndroidManifest.xml:5:5-77
11-->src/debug/AndroidManifest.xml:5:22-75
12    <uses-permission android:name="android.permission.INTERNET" />
12-->src/main/AndroidManifest.xml:4:5-67
12-->src/main/AndroidManifest.xml:4:22-64
13    <uses-permission android:name="android.permission.ACCESS_WIFI_STATE" />
13-->[com.facebook.flipper:flipper:0.33.1] AndroidManifest.xml:16:5-76
13-->[com.facebook.flipper:flipper:0.33.1] AndroidManifest.xml:16:22-73
14    <uses-permission android:name="android.permission.WAKE_LOCK" />
14-->[:react-native-firebase_auth] AndroidManifest.xml:12:5-68
14-->[:react-native-firebase_auth] AndroidManifest.xml:12:22-65
15    <uses-permission android:name="android.permission.ACCESS_NETWORK_STATE" />
15-->[:react-native-firebase_auth] AndroidManifest.xml:13:5-79
15-->[:react-native-firebase_auth] AndroidManifest.xml:13:22-76
16    <uses-permission android:name="com.google.android.finsky.permission.BIND_GET_INSTALL_REFERRER_SERVICE" /> <!-- Required by older versions of Google Play services to create IID tokens -->
16-->[com.google.android.gms:play-services-measurement:17.4.1] AndroidManifest.xml:26:5-110
16-->[com.google.android.gms:play-services-measurement:17.4.1] AndroidManifest.xml:26:22-107
17    <uses-permission android:name="com.google.android.c2dm.permission.RECEIVE" />
17-->[com.google.firebase:firebase-iid:20.1.5] AndroidManifest.xml:26:5-82
17-->[com.google.firebase:firebase-iid:20.1.5] AndroidManifest.xml:26:22-79
18
19    <application
19-->src/main/AndroidManifest.xml:6:5-25:19
20        android:name="com.minishop.MainApplication"
20-->src/main/AndroidManifest.xml:7:7-38
21        android:allowBackup="false"
21-->src/main/AndroidManifest.xml:11:7-34
22        android:appComponentFactory="androidx.core.app.CoreComponentFactory"
22-->[androidx.core:core:1.1.0] AndroidManifest.xml:24:18-86
23        android:debuggable="true"
24        android:icon="@mipmap/ic_launcher"
24-->src/main/AndroidManifest.xml:9:7-41
25        android:label="@string/app_name"
25-->src/main/AndroidManifest.xml:8:7-39
26        android:roundIcon="@mipmap/ic_launcher_round"
26-->src/main/AndroidManifest.xml:10:7-52
27        android:testOnly="true"
28        android:theme="@style/AppTheme"
28-->src/main/AndroidManifest.xml:12:7-38
29        android:usesCleartextTraffic="true" >
29-->src/debug/AndroidManifest.xml:7:18-53
30        <activity
30-->src/main/AndroidManifest.xml:13:7-23:18
31            android:name="com.minishop.MainActivity"
31-->src/main/AndroidManifest.xml:14:9-37
32            android:configChanges="keyboard|keyboardHidden|orientation|screenSize|uiMode"
32-->src/main/AndroidManifest.xml:16:9-86
33            android:label="@string/app_name"
33-->src/main/AndroidManifest.xml:15:9-41
34            android:launchMode="singleTask"
34-->src/main/AndroidManifest.xml:17:9-40
35            android:windowSoftInputMode="adjustResize" >
35-->src/main/AndroidManifest.xml:18:9-51
36            <intent-filter>
36-->src/main/AndroidManifest.xml:19:9-22:25
37                <action android:name="android.intent.action.MAIN" />
37-->src/main/AndroidManifest.xml:20:13-65
37-->src/main/AndroidManifest.xml:20:21-62
38
39                <category android:name="android.intent.category.LAUNCHER" />
39-->src/main/AndroidManifest.xml:21:13-73
39-->src/main/AndroidManifest.xml:21:23-70
40            </intent-filter>
41        </activity>
42        <activity
42-->src/main/AndroidManifest.xml:24:7-84
43            android:name="com.facebook.react.devsupport.DevSettingsActivity"
43-->src/main/AndroidManifest.xml:24:17-81
44            android:exported="false" />
44-->[:react-native-navigation] AndroidManifest.xml:14:13-37
45
46        <receiver
46-->[com.google.android.gms:play-services-measurement:17.4.1] AndroidManifest.xml:29:9-33:20
47            android:name="com.google.android.gms.measurement.AppMeasurementReceiver"
47-->[com.google.android.gms:play-services-measurement:17.4.1] AndroidManifest.xml:30:13-85
48            android:enabled="true"
48-->[com.google.android.gms:play-services-measurement:17.4.1] AndroidManifest.xml:31:13-35
49            android:exported="false" >
49-->[com.google.android.gms:play-services-measurement:17.4.1] AndroidManifest.xml:32:13-37
50        </receiver>
51
52        <service
52-->[com.google.android.gms:play-services-measurement:17.4.1] AndroidManifest.xml:35:9-38:40
53            android:name="com.google.android.gms.measurement.AppMeasurementService"
53-->[com.google.android.gms:play-services-measurement:17.4.1] AndroidManifest.xml:36:13-84
54            android:enabled="true"
54-->[com.google.android.gms:play-services-measurement:17.4.1] AndroidManifest.xml:37:13-35
55            android:exported="false" />
55-->[com.google.android.gms:play-services-measurement:17.4.1] AndroidManifest.xml:38:13-37
56        <service
56-->[com.google.android.gms:play-services-measurement:17.4.1] AndroidManifest.xml:39:9-43:72
57            android:name="com.google.android.gms.measurement.AppMeasurementJobService"
57-->[com.google.android.gms:play-services-measurement:17.4.1] AndroidManifest.xml:40:13-87
58            android:enabled="true"
58-->[com.google.android.gms:play-services-measurement:17.4.1] AndroidManifest.xml:41:13-35
59            android:exported="false"
59-->[com.google.android.gms:play-services-measurement:17.4.1] AndroidManifest.xml:42:13-37
60            android:permission="android.permission.BIND_JOB_SERVICE" />
60-->[com.google.android.gms:play-services-measurement:17.4.1] AndroidManifest.xml:43:13-69
61        <service
61-->[com.google.android.gms:play-services-measurement-api:17.4.1] AndroidManifest.xml:27:9-33:19
62            android:name="com.google.firebase.components.ComponentDiscoveryService"
62-->[com.google.android.gms:play-services-measurement-api:17.4.1] AndroidManifest.xml:28:13-84
63            android:directBootAware="true"
63-->[com.google.firebase:firebase-common:19.3.0] AndroidManifest.xml:34:13-43
64            android:exported="false" >
64-->[com.google.android.gms:play-services-measurement-api:17.4.1] AndroidManifest.xml:29:13-37
65            <meta-data
65-->[com.google.android.gms:play-services-measurement-api:17.4.1] AndroidManifest.xml:30:13-32:85
66                android:name="com.google.firebase.components:com.google.firebase.analytics.connector.internal.AnalyticsConnectorRegistrar"
66-->[com.google.android.gms:play-services-measurement-api:17.4.1] AndroidManifest.xml:31:17-139
67                android:value="com.google.firebase.components.ComponentRegistrar" />
67-->[com.google.android.gms:play-services-measurement-api:17.4.1] AndroidManifest.xml:32:17-82
68            <meta-data
68-->[com.google.firebase:firebase-auth:19.3.1] AndroidManifest.xml:36:13-38:85
69                android:name="com.google.firebase.components:com.google.firebase.auth.FirebaseAuthRegistrar"
69-->[com.google.firebase:firebase-auth:19.3.1] AndroidManifest.xml:37:17-109
70                android:value="com.google.firebase.components.ComponentRegistrar" />
70-->[com.google.firebase:firebase-auth:19.3.1] AndroidManifest.xml:38:17-82
71            <meta-data
71-->[com.google.firebase:firebase-iid:20.1.5] AndroidManifest.xml:32:13-34:85
72                android:name="com.google.firebase.components:com.google.firebase.iid.Registrar"
72-->[com.google.firebase:firebase-iid:20.1.5] AndroidManifest.xml:33:17-96
73                android:value="com.google.firebase.components.ComponentRegistrar" />
73-->[com.google.firebase:firebase-iid:20.1.5] AndroidManifest.xml:34:17-82
74            <meta-data
74-->[com.google.firebase:firebase-installations:16.2.1] AndroidManifest.xml:17:13-19:85
75                android:name="com.google.firebase.components:com.google.firebase.installations.FirebaseInstallationsRegistrar"
75-->[com.google.firebase:firebase-installations:16.2.1] AndroidManifest.xml:18:17-127
76                android:value="com.google.firebase.components.ComponentRegistrar" />
76-->[com.google.firebase:firebase-installations:16.2.1] AndroidManifest.xml:19:17-82
77        </service>
78
79        <activity
79-->[com.google.firebase:firebase-auth:19.3.1] AndroidManifest.xml:24:9-31:50
80            android:name="com.google.firebase.auth.internal.FederatedSignInActivity"
80-->[com.google.firebase:firebase-auth:19.3.1] AndroidManifest.xml:25:13-85
81            android:excludeFromRecents="true"
81-->[com.google.firebase:firebase-auth:19.3.1] AndroidManifest.xml:26:13-46
82            android:exported="true"
82-->[com.google.firebase:firebase-auth:19.3.1] AndroidManifest.xml:27:13-36
83            android:launchMode="singleTask"
83-->[com.google.firebase:firebase-auth:19.3.1] AndroidManifest.xml:28:13-44
84            android:permission="com.google.firebase.auth.api.gms.permission.LAUNCH_FEDERATED_SIGN_IN"
84-->[com.google.firebase:firebase-auth:19.3.1] AndroidManifest.xml:29:13-102
85            android:theme="@android:style/Theme.Translucent.NoTitleBar" />
85-->[com.google.firebase:firebase-auth:19.3.1] AndroidManifest.xml:30:13-72
86
87        <receiver
87-->[com.google.firebase:firebase-iid:20.1.5] AndroidManifest.xml:37:9-44:20
88            android:name="com.google.firebase.iid.FirebaseInstanceIdReceiver"
88-->[com.google.firebase:firebase-iid:20.1.5] AndroidManifest.xml:38:13-78
89            android:exported="true"
89-->[com.google.firebase:firebase-iid:20.1.5] AndroidManifest.xml:39:13-36
90            android:permission="com.google.android.c2dm.permission.SEND" >
90-->[com.google.firebase:firebase-iid:20.1.5] AndroidManifest.xml:40:13-73
91            <intent-filter>
91-->[com.google.firebase:firebase-iid:20.1.5] AndroidManifest.xml:41:13-43:29
92                <action android:name="com.google.android.c2dm.intent.RECEIVE" />
92-->[com.google.firebase:firebase-iid:20.1.5] AndroidManifest.xml:42:17-81
92-->[com.google.firebase:firebase-iid:20.1.5] AndroidManifest.xml:42:25-78
93            </intent-filter>
94        </receiver>
95
96        <provider
96-->[com.google.firebase:firebase-common:19.3.0] AndroidManifest.xml:26:9-30:39
97            android:name="com.google.firebase.provider.FirebaseInitProvider"
97-->[com.google.firebase:firebase-common:19.3.0] AndroidManifest.xml:27:13-77
98            android:authorities="com.minishop.firebaseinitprovider"
98-->[com.google.firebase:firebase-common:19.3.0] AndroidManifest.xml:28:13-72
99            android:exported="false"
99-->[com.google.firebase:firebase-common:19.3.0] AndroidManifest.xml:29:13-37
100            android:initOrder="100" />
100-->[com.google.firebase:firebase-common:19.3.0] AndroidManifest.xml:30:13-36
101
102        <activity
102-->[com.google.android.gms:play-services-base:17.1.0] AndroidManifest.xml:23:9-26:75
103            android:name="com.google.android.gms.common.api.GoogleApiActivity"
103-->[com.google.android.gms:play-services-base:17.1.0] AndroidManifest.xml:24:13-79
104            android:exported="false"
104-->[com.google.android.gms:play-services-base:17.1.0] AndroidManifest.xml:25:13-37
105            android:theme="@android:style/Theme.Translucent.NoTitleBar" />
105-->[com.google.android.gms:play-services-base:17.1.0] AndroidManifest.xml:26:13-72
106
107        <meta-data
107-->[com.google.android.gms:play-services-basement:17.0.0] AndroidManifest.xml:23:9-25:69
108            android:name="com.google.android.gms.version"
108-->[com.google.android.gms:play-services-basement:17.0.0] AndroidManifest.xml:24:13-58
109            android:value="@integer/google_play_services_version" />
109-->[com.google.android.gms:play-services-basement:17.0.0] AndroidManifest.xml:25:13-66
110    </application>
111
112</manifest>